DEB [20210705-22:33:19.530] thr=1   paramiko.transport: starting thread (client mode): 0xc2e9d508
DEB [20210705-22:33:19.531] thr=1   paramiko.transport: Local version/idstring: SSH-2.0-paramiko_2.7.2
DEB [20210705-22:33:19.703] thr=1   paramiko.transport: Remote version/idstring: SSH-2.0-OpenSSH_7.2p2 Ubuntu-4ubuntu2.10
INF [20210705-22:33:19.703] thr=1   paramiko.transport: Connected (version 2.0, client OpenSSH_7.2p2)
DEB [20210705-22:33:19.943] thr=1   paramiko.transport: kex algos:['curve25519-sha256@libssh.org', 'ecdh-sha2-nistp256', 'ecdh-sha2-nistp384', 'ecdh-sha2-nistp521', 'diffie-hellman-group-exchange-sha256', 'diffie-hellman-group14-sha1'] server key:['ssh-rsa', 'rsa-sha2-512', 'rsa-sha2-256', 'ecdsa-sha2-nistp256', 'ssh-ed25519'] client encrypt:['chacha20-poly1305@openssh.com', 'aes128-ctr', 'aes192-ctr', 'aes256-ctr', 'aes128-gcm@openssh.com', 'aes256-gcm@openssh.com'] server encrypt:['chacha20-poly1305@openssh.com', 'aes128-ctr', 'aes192-ctr', 'aes256-ctr', 'aes128-gcm@openssh.com', 'aes256-gcm@openssh.com'] client mac:['umac-64-etm@openssh.com', 'umac-128-etm@openssh.com', 'hmac-sha2-256-etm@openssh.com', 'hmac-sha2-512-etm@openssh.com', 'hmac-sha1-etm@openssh.com', 'umac-64@openssh.com', 'umac-128@openssh.com', 'hmac-sha2-256', 'hmac-sha2-512', 'hmac-sha1'] server mac:['umac-64-etm@openssh.com', 'umac-128-etm@openssh.com', 'hmac-sha2-256-etm@openssh.com', 'hmac-sha2-512-etm@openssh.com', 'hmac-sha1-etm@openssh.com', 'umac-64@openssh.com', 'umac-128@openssh.com', 'hmac-sha2-256', 'hmac-sha2-512', 'hmac-sha1'] client compress:['none', 'zlib@openssh.com'] server compress:['none', 'zlib@openssh.com'] client lang:[''] server lang:[''] kex follows?False
DEB [20210705-22:33:19.944] thr=1   paramiko.transport: Kex agreed: curve25519-sha256@libssh.org
DEB [20210705-22:33:19.944] thr=1   paramiko.transport: HostKey agreed: ssh-ed25519
DEB [20210705-22:33:19.944] thr=1   paramiko.transport: Cipher agreed: aes128-ctr
DEB [20210705-22:33:19.944] thr=1   paramiko.transport: MAC agreed: hmac-sha2-256
DEB [20210705-22:33:19.944] thr=1   paramiko.transport: Compression agreed: none
DEB [20210705-22:33:20.194] thr=1   paramiko.transport: kex engine KexCurve25519 specified hash_algo <built-in function openssl_sha256>
DEB [20210705-22:33:20.194] thr=1   paramiko.transport: Switch to new keys ...
DEB [20210705-22:33:20.503] thr=1   paramiko.transport: userauth is OK
INF [20210705-22:33:20.703] thr=1   paramiko.transport: Authentication (password) successful!
DEB [20210705-22:33:20.704] thr=2   paramiko.transport: [chan 0] Max packet in: 32768 bytes
DEB [20210705-22:33:21.274] thr=1   paramiko.transport: Received global request "hostkeys-00@openssh.com"
DEB [20210705-22:33:21.274] thr=1   paramiko.transport: Rejecting "hostkeys-00@openssh.com" global request from server.
DEB [20210705-22:33:21.443] thr=1   paramiko.transport: [chan 0] Max packet out: 32768 bytes
DEB [20210705-22:33:21.443] thr=1   paramiko.transport: Secsh channel 0 opened.
DEB [20210705-22:33:21.563] thr=1   paramiko.transport: [chan 0] Sesch channel 0 request ok
DEB [20210705-22:33:21.693] thr=1   paramiko.transport: [chan 0] Sesch channel 0 request ok
DEB [20210705-22:33:21.694] thr=1   paramiko.transport: EOF in transport thread
DEB [20210705-22:34:07.741] thr=1   paramiko.transport: starting thread (client mode): 0x8cf6d548
DEB [20210705-22:34:07.744] thr=1   paramiko.transport: Local version/idstring: SSH-2.0-paramiko_2.7.2
DEB [20210705-22:34:07.933] thr=1   paramiko.transport: Remote version/idstring: SSH-2.0-OpenSSH_7.2p2 Ubuntu-4ubuntu2.10
INF [20210705-22:34:07.934] thr=1   paramiko.transport: Connected (version 2.0, client OpenSSH_7.2p2)
DEB [20210705-22:34:08.028] thr=1   paramiko.transport: kex algos:['curve25519-sha256@libssh.org', 'ecdh-sha2-nistp256', 'ecdh-sha2-nistp384', 'ecdh-sha2-nistp521', 'diffie-hellman-group-exchange-sha256', 'diffie-hellman-group14-sha1'] server key:['ssh-rsa', 'rsa-sha2-512', 'rsa-sha2-256', 'ecdsa-sha2-nistp256', 'ssh-ed25519'] client encrypt:['chacha20-poly1305@openssh.com', 'aes128-ctr', 'aes192-ctr', 'aes256-ctr', 'aes128-gcm@openssh.com', 'aes256-gcm@openssh.com'] server encrypt:['chacha20-poly1305@openssh.com', 'aes128-ctr', 'aes192-ctr', 'aes256-ctr', 'aes128-gcm@openssh.com', 'aes256-gcm@openssh.com'] client mac:['umac-64-etm@openssh.com', 'umac-128-etm@openssh.com', 'hmac-sha2-256-etm@openssh.com', 'hmac-sha2-512-etm@openssh.com', 'hmac-sha1-etm@openssh.com', 'umac-64@openssh.com', 'umac-128@openssh.com', 'hmac-sha2-256', 'hmac-sha2-512', 'hmac-sha1'] server mac:['umac-64-etm@openssh.com', 'umac-128-etm@openssh.com', 'hmac-sha2-256-etm@openssh.com', 'hmac-sha2-512-etm@openssh.com', 'hmac-sha1-etm@openssh.com', 'umac-64@openssh.com', 'umac-128@openssh.com', 'hmac-sha2-256', 'hmac-sha2-512', 'hmac-sha1'] client compress:['none', 'zlib@openssh.com'] server compress:['none', 'zlib@openssh.com'] client lang:[''] server lang:[''] kex follows?False
DEB [20210705-22:34:08.030] thr=1   paramiko.transport: Kex agreed: curve25519-sha256@libssh.org
DEB [20210705-22:34:08.030] thr=1   paramiko.transport: HostKey agreed: ssh-ed25519
DEB [20210705-22:34:08.032] thr=1   paramiko.transport: Cipher agreed: aes128-ctr
DEB [20210705-22:34:08.033] thr=1   paramiko.transport: MAC agreed: hmac-sha2-256
DEB [20210705-22:34:08.034] thr=1   paramiko.transport: Compression agreed: none
DEB [20210705-22:34:08.194] thr=1   paramiko.transport: kex engine KexCurve25519 specified hash_algo <built-in function openssl_sha256>
DEB [20210705-22:34:08.194] thr=1   paramiko.transport: Switch to new keys ...
DEB [20210705-22:34:08.532] thr=1   paramiko.transport: userauth is OK
INF [20210705-22:34:08.694] thr=1   paramiko.transport: Authentication (password) successful!
DEB [20210705-22:34:08.694] thr=2   paramiko.transport: [chan 0] Max packet in: 32768 bytes
DEB [20210705-22:34:09.231] thr=1   paramiko.transport: Received global request "hostkeys-00@openssh.com"
DEB [20210705-22:34:09.231] thr=1   paramiko.transport: Rejecting "hostkeys-00@openssh.com" global request from server.
DEB [20210705-22:34:09.432] thr=1   paramiko.transport: [chan 0] Max packet out: 32768 bytes
DEB [20210705-22:34:09.433] thr=1   paramiko.transport: Secsh channel 0 opened.
DEB [20210705-22:34:09.547] thr=1   paramiko.transport: [chan 0] Sesch channel 0 request ok
DEB [20210705-22:34:09.680] thr=1   paramiko.transport: [chan 0] Sesch channel 0 request ok
DEB [20210705-22:34:09.683] thr=1   paramiko.transport: EOF in transport thread
DEB [20210705-22:34:42.944] thr=1   paramiko.transport: starting thread (client mode): 0xa5bec608
DEB [20210705-22:34:42.944] thr=1   paramiko.transport: Local version/idstring: SSH-2.0-paramiko_2.7.2
DEB [20210705-22:34:43.062] thr=1   paramiko.transport: Remote version/idstring: SSH-2.0-OpenSSH_7.2p2 Ubuntu-4ubuntu2.10
INF [20210705-22:34:43.062] thr=1   paramiko.transport: Connected (version 2.0, client OpenSSH_7.2p2)
DEB [20210705-22:34:43.184] thr=1   paramiko.transport: kex algos:['curve25519-sha256@libssh.org', 'ecdh-sha2-nistp256', 'ecdh-sha2-nistp384', 'ecdh-sha2-nistp521', 'diffie-hellman-group-exchange-sha256', 'diffie-hellman-group14-sha1'] server key:['ssh-rsa', 'rsa-sha2-512', 'rsa-sha2-256', 'ecdsa-sha2-nistp256', 'ssh-ed25519'] client encrypt:['chacha20-poly1305@openssh.com', 'aes128-ctr', 'aes192-ctr', 'aes256-ctr', 'aes128-gcm@openssh.com', 'aes256-gcm@openssh.com'] server encrypt:['chacha20-poly1305@openssh.com', 'aes128-ctr', 'aes192-ctr', 'aes256-ctr', 'aes128-gcm@openssh.com', 'aes256-gcm@openssh.com'] client mac:['umac-64-etm@openssh.com', 'umac-128-etm@openssh.com', 'hmac-sha2-256-etm@openssh.com', 'hmac-sha2-512-etm@openssh.com', 'hmac-sha1-etm@openssh.com', 'umac-64@openssh.com', 'umac-128@openssh.com', 'hmac-sha2-256', 'hmac-sha2-512', 'hmac-sha1'] server mac:['umac-64-etm@openssh.com', 'umac-128-etm@openssh.com', 'hmac-sha2-256-etm@openssh.com', 'hmac-sha2-512-etm@openssh.com', 'hmac-sha1-etm@openssh.com', 'umac-64@openssh.com', 'umac-128@openssh.com', 'hmac-sha2-256', 'hmac-sha2-512', 'hmac-sha1'] client compress:['none', 'zlib@openssh.com'] server compress:['none', 'zlib@openssh.com'] client lang:[''] server lang:[''] kex follows?False
DEB [20210705-22:34:43.184] thr=1   paramiko.transport: Kex agreed: curve25519-sha256@libssh.org
DEB [20210705-22:34:43.184] thr=1   paramiko.transport: HostKey agreed: ssh-ed25519
DEB [20210705-22:34:43.184] thr=1   paramiko.transport: Cipher agreed: aes128-ctr
DEB [20210705-22:34:43.185] thr=1   paramiko.transport: MAC agreed: hmac-sha2-256
DEB [20210705-22:34:43.185] thr=1   paramiko.transport: Compression agreed: none
DEB [20210705-22:34:43.302] thr=1   paramiko.transport: kex engine KexCurve25519 specified hash_algo <built-in function openssl_sha256>
DEB [20210705-22:34:43.304] thr=1   paramiko.transport: Switch to new keys ...
DEB [20210705-22:34:43.705] thr=1   paramiko.transport: userauth is OK
INF [20210705-22:34:43.954] thr=1   paramiko.transport: Authentication (password) successful!
DEB [20210705-22:34:43.955] thr=2   paramiko.transport: [chan 0] Max packet in: 32768 bytes
DEB [20210705-22:34:44.453] thr=1   paramiko.transport: Received global request "hostkeys-00@openssh.com"
DEB [20210705-22:34:44.453] thr=1   paramiko.transport: Rejecting "hostkeys-00@openssh.com" global request from server.
DEB [20210705-22:34:44.692] thr=1   paramiko.transport: [chan 0] Max packet out: 32768 bytes
DEB [20210705-22:34:44.692] thr=1   paramiko.transport: Secsh channel 0 opened.
DEB [20210705-22:34:44.802] thr=1   paramiko.transport: [chan 0] Sesch channel 0 request ok
DEB [20210705-22:34:44.935] thr=1   paramiko.transport: [chan 0] Sesch channel 0 request ok
